{"C:\\Users\\User\\Desktop\\jest with es6 modules\\parse.js": {"path":"C:\\Users\\User\\Desktop\\jest with es6 modules\\parse.js","statementMap":{"0":{"start":{"line":2,"column":26},"end":{"line":2,"column":53}},"1":{"start":{"line":3,"column":30},"end":{"line":3,"column":90}},"2":{"start":{"line":4,"column":23},"end":{"line":4,"column":79}},"3":{"start":{"line":5,"column":27},"end":{"line":5,"column":92}},"4":{"start":{"line":11,"column":4},"end":{"line":30,"column":5}},"5":{"start":{"line":12,"column":26},"end":{"line":12,"column":75}},"6":{"start":{"line":13,"column":21},"end":{"line":13,"column":39}},"7":{"start":{"line":14,"column":26},"end":{"line":14,"column":69}},"8":{"start":{"line":15,"column":6},"end":{"line":15,"column":31}},"9":{"start":{"line":16,"column":11},"end":{"line":30,"column":5}},"10":{"start":{"line":17,"column":21},"end":{"line":17,"column":70}},"11":{"start":{"line":18,"column":26},"end":{"line":18,"column":66}},"12":{"start":{"line":19,"column":6},"end":{"line":19,"column":31}},"13":{"start":{"line":20,"column":11},"end":{"line":30,"column":5}},"14":{"start":{"line":21,"column":21},"end":{"line":21,"column":77}},"15":{"start":{"line":22,"column":26},"end":{"line":22,"column":73}},"16":{"start":{"line":23,"column":6},"end":{"line":23,"column":31}},"17":{"start":{"line":24,"column":11},"end":{"line":30,"column":5}},"18":{"start":{"line":25,"column":21},"end":{"line":25,"column":74}},"19":{"start":{"line":26,"column":26},"end":{"line":26,"column":70}},"20":{"start":{"line":27,"column":6},"end":{"line":27,"column":31}},"21":{"start":{"line":29,"column":6},"end":{"line":29,"column":33}},"22":{"start":{"line":34,"column":20},"end":{"line":34,"column":40}},"23":{"start":{"line":35,"column":20},"end":{"line":35,"column":40}},"24":{"start":{"line":37,"column":4},"end":{"line":48,"column":5}},"25":{"start":{"line":39,"column":8},"end":{"line":39,"column":32}},"26":{"start":{"line":41,"column":8},"end":{"line":41,"column":32}},"27":{"start":{"line":43,"column":8},"end":{"line":43,"column":32}},"28":{"start":{"line":45,"column":8},"end":{"line":45,"column":32}},"29":{"start":{"line":47,"column":8},"end":{"line":47,"column":33}}},"fnMap":{"0":{"name":"parse","decl":{"start":{"line":10,"column":24},"end":{"line":10,"column":29}},"loc":{"start":{"line":10,"column":40},"end":{"line":31,"column":3}},"line":10},"1":{"name":"handleMath","decl":{"start":{"line":33,"column":11},"end":{"line":33,"column":21}},"loc":{"start":{"line":33,"column":57},"end":{"line":49,"column":3}},"line":33}},"branchMap":{"0":{"loc":{"start":{"line":11,"column":4},"end":{"line":30,"column":5}},"type":"if","locations":[{"start":{"line":11,"column":4},"end":{"line":30,"column":5}},{"start":{"line":16,"column":11},"end":{"line":30,"column":5}}],"line":11},"1":{"loc":{"start":{"line":16,"column":11},"end":{"line":30,"column":5}},"type":"if","locations":[{"start":{"line":16,"column":11},"end":{"line":30,"column":5}},{"start":{"line":20,"column":11},"end":{"line":30,"column":5}}],"line":16},"2":{"loc":{"start":{"line":20,"column":11},"end":{"line":30,"column":5}},"type":"if","locations":[{"start":{"line":20,"column":11},"end":{"line":30,"column":5}},{"start":{"line":24,"column":11},"end":{"line":30,"column":5}}],"line":20},"3":{"loc":{"start":{"line":24,"column":11},"end":{"line":30,"column":5}},"type":"if","locations":[{"start":{"line":24,"column":11},"end":{"line":30,"column":5}},{"start":{"line":28,"column":11},"end":{"line":30,"column":5}}],"line":24},"4":{"loc":{"start":{"line":37,"column":4},"end":{"line":48,"column":5}},"type":"switch","locations":[{"start":{"line":38,"column":6},"end":{"line":39,"column":32}},{"start":{"line":40,"column":6},"end":{"line":41,"column":32}},{"start":{"line":42,"column":6},"end":{"line":43,"column":32}},{"start":{"line":44,"column":6},"end":{"line":45,"column":32}},{"start":{"line":46,"column":6},"end":{"line":47,"column":33}}],"line":37}},"s":{"0":1,"1":1,"2":1,"3":1,"4":2,"5":0,"6":0,"7":0,"8":0,"9":2,"10":0,"11":0,"12":0,"13":2,"14":0,"15":0,"16":0,"17":2,"18":1,"19":1,"20":1,"21":1,"22":1,"23":1,"24":1,"25":0,"26":0,"27":0,"28":1,"29":0},"f":{"0":2,"1":1},"b":{"0":[0,2],"1":[0,2],"2":[0,2],"3":[1,1],"4":[0,0,0,1,0]},"_coverageSchema":"1a1c01bbd47fc00a2c39e90264f33305004495a9","hash":"17b4ad9ee6df6fa7f5080c4c69659bab61880ef4"}
}
